{"D:\\enigma\\FINAL\\fe-web-Dashboard\\src\\hooks\\useUserDetail.js": {"path":"D:\\enigma\\FINAL\\fe-web-Dashboard\\src\\hooks\\useUserDetail.js","all":false,"statementMap":{"0":{"start":{"line":1,"column":0},"end":{"line":1,"column":59}},"1":{"start":{"line":2,"column":0},"end":{"line":2,"column":77}},"2":{"start":{"line":3,"column":0},"end":{"line":3,"column":59}},"3":{"start":{"line":4,"column":0},"end":{"line":4,"column":8}},"10":{"start":{"line":11,"column":0},"end":{"line":11,"column":29}},"11":{"start":{"line":12,"column":0},"end":{"line":12,"column":35}},"13":{"start":{"line":14,"column":0},"end":{"line":14,"column":59}},"14":{"start":{"line":15,"column":0},"end":{"line":15,"column":41}},"15":{"start":{"line":16,"column":0},"end":{"line":16,"column":13}},"16":{"start":{"line":17,"column":0},"end":{"line":17,"column":76}},"17":{"start":{"line":18,"column":0},"end":{"line":18,"column":65}},"18":{"start":{"line":19,"column":0},"end":{"line":19,"column":53}},"19":{"start":{"line":20,"column":0},"end":{"line":20,"column":23}},"20":{"start":{"line":21,"column":0},"end":{"line":21,"column":91}},"21":{"start":{"line":22,"column":0},"end":{"line":22,"column":9}},"22":{"start":{"line":23,"column":0},"end":{"line":23,"column":19}},"24":{"start":{"line":25,"column":0},"end":{"line":25,"column":47}},"25":{"start":{"line":26,"column":0},"end":{"line":26,"column":36}},"26":{"start":{"line":27,"column":0},"end":{"line":27,"column":19}},"28":{"start":{"line":29,"column":0},"end":{"line":29,"column":76}},"29":{"start":{"line":30,"column":0},"end":{"line":30,"column":41}},"31":{"start":{"line":32,"column":0},"end":{"line":32,"column":41}},"32":{"start":{"line":33,"column":0},"end":{"line":33,"column":13}},"34":{"start":{"line":35,"column":0},"end":{"line":35,"column":114}},"35":{"start":{"line":36,"column":0},"end":{"line":36,"column":66}},"36":{"start":{"line":37,"column":0},"end":{"line":37,"column":40}},"37":{"start":{"line":38,"column":0},"end":{"line":38,"column":69}},"38":{"start":{"line":39,"column":0},"end":{"line":39,"column":65}},"40":{"start":{"line":41,"column":0},"end":{"line":41,"column":23}},"41":{"start":{"line":42,"column":0},"end":{"line":42,"column":85}},"42":{"start":{"line":43,"column":0},"end":{"line":43,"column":9}},"43":{"start":{"line":44,"column":0},"end":{"line":44,"column":19}},"45":{"start":{"line":46,"column":0},"end":{"line":46,"column":60}},"46":{"start":{"line":47,"column":0},"end":{"line":47,"column":2}},"48":{"start":{"line":49,"column":0},"end":{"line":49,"column":29}}},"s":{"0":1,"1":1,"2":1,"3":1,"10":1,"11":5,"13":5,"14":2,"15":2,"16":2,"17":1,"18":1,"19":1,"20":1,"21":1,"22":5,"24":5,"25":1,"26":5,"28":5,"29":2,"31":2,"32":2,"34":2,"35":1,"36":1,"37":1,"38":1,"40":1,"41":1,"42":1,"43":5,"45":5,"46":5,"48":1},"branchMap":{"0":{"type":"branch","line":11,"loc":{"start":{"line":11,"column":22},"end":{"line":47,"column":2}},"locations":[{"start":{"line":11,"column":22},"end":{"line":47,"column":2}}]},"1":{"type":"branch","line":14,"loc":{"start":{"line":14,"column":40},"end":{"line":23,"column":5}},"locations":[{"start":{"line":14,"column":40},"end":{"line":23,"column":5}}]},"2":{"type":"branch","line":17,"loc":{"start":{"line":17,"column":75},"end":{"line":22,"column":9}},"locations":[{"start":{"line":17,"column":75},"end":{"line":22,"column":9}}]},"3":{"type":"branch","line":21,"loc":{"start":{"line":21,"column":56},"end":{"line":21,"column":88}},"locations":[{"start":{"line":21,"column":56},"end":{"line":21,"column":88}}]},"4":{"type":"branch","line":25,"loc":{"start":{"line":25,"column":40},"end":{"line":27,"column":5}},"locations":[{"start":{"line":25,"column":40},"end":{"line":27,"column":5}}]},"5":{"type":"branch","line":29,"loc":{"start":{"line":29,"column":35},"end":{"line":44,"column":5}},"locations":[{"start":{"line":29,"column":35},"end":{"line":44,"column":5}}]},"6":{"type":"branch","line":35,"loc":{"start":{"line":35,"column":113},"end":{"line":43,"column":9}},"locations":[{"start":{"line":35,"column":113},"end":{"line":43,"column":9}}]},"7":{"type":"branch","line":42,"loc":{"start":{"line":42,"column":56},"end":{"line":42,"column":82}},"locations":[{"start":{"line":42,"column":56},"end":{"line":42,"column":82}}]}},"b":{"0":[5],"1":[2],"2":[1],"3":[0],"4":[1],"5":[2],"6":[1],"7":[0]},"fnMap":{"0":{"name":"useUserDetail","decl":{"start":{"line":11,"column":22},"end":{"line":47,"column":2}},"loc":{"start":{"line":11,"column":22},"end":{"line":47,"column":2}},"line":11}},"f":{"0":5}}
,"D:\\enigma\\FINAL\\fe-web-Dashboard\\src\\store\\Slice\\UserDetailSlice.js": {"path":"D:\\enigma\\FINAL\\fe-web-Dashboard\\src\\store\\Slice\\UserDetailSlice.js","all":false,"statementMap":{"0":{"start":{"line":1,"column":0},"end":{"line":1,"column":91}},"2":{"start":{"line":3,"column":0},"end":{"line":3,"column":22}},"3":{"start":{"line":4,"column":0},"end":{"line":4,"column":21}},"4":{"start":{"line":5,"column":0},"end":{"line":5,"column":66}},"5":{"start":{"line":6,"column":0},"end":{"line":6,"column":16}},"6":{"start":{"line":7,"column":0},"end":{"line":7,"column":2}},"8":{"start":{"line":9,"column":0},"end":{"line":9,"column":37}},"9":{"start":{"line":10,"column":0},"end":{"line":10,"column":23}},"10":{"start":{"line":11,"column":0},"end":{"line":11,"column":17}},"11":{"start":{"line":12,"column":0},"end":{"line":12,"column":15}},"12":{"start":{"line":13,"column":0},"end":{"line":13,"column":37}},"13":{"start":{"line":14,"column":0},"end":{"line":14,"column":37}},"14":{"start":{"line":15,"column":0},"end":{"line":15,"column":31}},"15":{"start":{"line":16,"column":0},"end":{"line":16,"column":10}},"16":{"start":{"line":17,"column":0},"end":{"line":17,"column":47}},"17":{"start":{"line":18,"column":0},"end":{"line":18,"column":39}},"18":{"start":{"line":19,"column":0},"end":{"line":19,"column":46}},"19":{"start":{"line":20,"column":0},"end":{"line":20,"column":10}},"20":{"start":{"line":21,"column":0},"end":{"line":21,"column":47}},"21":{"start":{"line":22,"column":0},"end":{"line":22,"column":36}},"22":{"start":{"line":23,"column":0},"end":{"line":23,"column":41}},"23":{"start":{"line":24,"column":0},"end":{"line":24,"column":10}},"24":{"start":{"line":25,"column":0},"end":{"line":25,"column":32}},"25":{"start":{"line":26,"column":0},"end":{"line":26,"column":36}},"26":{"start":{"line":27,"column":0},"end":{"line":27,"column":34}},"27":{"start":{"line":28,"column":0},"end":{"line":28,"column":31}},"28":{"start":{"line":29,"column":0},"end":{"line":29,"column":10}},"29":{"start":{"line":30,"column":0},"end":{"line":30,"column":6}},"30":{"start":{"line":31,"column":0},"end":{"line":31,"column":3}},"32":{"start":{"line":33,"column":0},"end":{"line":33,"column":14}},"33":{"start":{"line":34,"column":0},"end":{"line":34,"column":25}},"34":{"start":{"line":35,"column":0},"end":{"line":35,"column":27}},"35":{"start":{"line":36,"column":0},"end":{"line":36,"column":27}},"36":{"start":{"line":37,"column":0},"end":{"line":37,"column":20}},"37":{"start":{"line":38,"column":0},"end":{"line":38,"column":28}},"39":{"start":{"line":40,"column":0},"end":{"line":40,"column":39}}},"s":{"0":1,"2":1,"3":1,"4":1,"5":1,"6":1,"8":1,"9":1,"10":1,"11":1,"12":1,"13":0,"14":0,"15":1,"16":1,"17":0,"18":0,"19":1,"20":1,"21":0,"22":0,"23":1,"24":1,"25":0,"26":0,"27":0,"28":1,"29":1,"30":1,"32":1,"33":1,"34":1,"35":1,"36":1,"37":1,"39":1},"branchMap":{},"b":{},"fnMap":{"0":{"name":"fetchUserDetailStart","decl":{"start":{"line":13,"column":8},"end":{"line":16,"column":9}},"loc":{"start":{"line":13,"column":8},"end":{"line":16,"column":9}},"line":13},"1":{"name":"fetchUserDetailSuccess","decl":{"start":{"line":17,"column":8},"end":{"line":20,"column":9}},"loc":{"start":{"line":17,"column":8},"end":{"line":20,"column":9}},"line":17},"2":{"name":"fetchUserDetailFailure","decl":{"start":{"line":21,"column":8},"end":{"line":24,"column":9}},"loc":{"start":{"line":21,"column":8},"end":{"line":24,"column":9}},"line":21},"3":{"name":"clearUserDetail","decl":{"start":{"line":25,"column":8},"end":{"line":29,"column":9}},"loc":{"start":{"line":25,"column":8},"end":{"line":29,"column":9}},"line":25}},"f":{"0":0,"1":0,"2":0,"3":0}}
}
